<?xml version="1.0" encoding="UTF-8"?>
<!-- Generated by org.testng.reporters.JUnitXMLReporter -->
<testsuite ignored="4" hostname="LTIN272303" failures="0" tests="18" name="chrometest" time="0.326" errors="0" timestamp="2024-02-28T11:55:37 IST">
  <testcase classname="testBase.BaseClass" name="@BeforeTest setup" time="-1.709101537123E9">
    <failure type="org.testng.TestNGException" message="
Parameter &amp;apos;Browser&amp;apos; is required by BeforeTest on method setup but has not been marked @Optional or defined
in C:\Users\2303967\eclipse-workspace\Hackthon_Testng_cucumber\src\test\java\paralleltesting.xml">
      <![CDATA[org.testng.TestNGException: 
Parameter 'Browser' is required by BeforeTest on method setup but has not been marked @Optional or defined
in C:\Users\2303967\eclipse-workspace\Hackthon_Testng_cucumber\src\test\java\paralleltesting.xml
at java.base/java.util.concurrent.FutureTask.run(FutureTask.java:264)
at java.base/java.util.concurrent.ThreadPoolExecutor.runWorker(ThreadPoolExecutor.java:1136)
at java.base/java.util.concurrent.ThreadPoolExecutor$Worker.run(ThreadPoolExecutor.java:635)
at java.base/java.lang.Thread.run(Thread.java:840)
... Removed 11 stack frames]]>
    </failure>
  </testcase> <!-- @BeforeTest setup -->
  <testcase classname="testBase.BaseClass" name="@BeforeTest setup" time="-1.709101537123E9">
    <failure type="org.testng.TestNGException" message="
Parameter &amp;apos;Browser&amp;apos; is required by BeforeTest on method setup but has not been marked @Optional or defined
in C:\Users\2303967\eclipse-workspace\Hackthon_Testng_cucumber\src\test\java\paralleltesting.xml">
      <![CDATA[org.testng.TestNGException: 
Parameter 'Browser' is required by BeforeTest on method setup but has not been marked @Optional or defined
in C:\Users\2303967\eclipse-workspace\Hackthon_Testng_cucumber\src\test\java\paralleltesting.xml
at java.base/java.util.concurrent.FutureTask.run(FutureTask.java:264)
at java.base/java.util.concurrent.ThreadPoolExecutor.runWorker(ThreadPoolExecutor.java:1136)
at java.base/java.util.concurrent.ThreadPoolExecutor$Worker.run(ThreadPoolExecutor.java:635)
at java.base/java.lang.Thread.run(Thread.java:840)
... Removed 11 stack frames]]>
    </failure>
  </testcase> <!-- @BeforeTest setup -->
  <testcase classname="testBase.BaseClass" name="@AfterTest teardown" time="0.0">
    <skipped/>
  </testcase> <!-- @AfterTest teardown -->
  <testcase classname="testBase.BaseClass" name="@AfterTest teardown" time="0.0">
    <skipped/>
  </testcase> <!-- @AfterTest teardown -->
  <testcase classname="testCases.TC_01_CabSelectsection" name="carSelect1" time="0.001">
    <skipped/>
  </testcase> <!-- carSelect1 -->
  <testcase classname="testCases.TC_01_CabSelectsection" name="fromCity1" time="0.0">
    <skipped/>
  </testcase> <!-- fromCity1 -->
  <testcase classname="testCases.TC_01_CabSelectsection" name="tocity1" time="0.001">
    <skipped/>
  </testcase> <!-- tocity1 -->
  <testcase classname="testCases.TC_01_CabSelectsection" name="dateClick" time="0.001">
    <skipped/>
  </testcase> <!-- dateClick -->
  <testcase classname="testCases.TC_01_CabSelectsection" name="apply1" time="0.0">
    <skipped/>
  </testcase> <!-- apply1 -->
  <testcase classname="testCases.TC_01_CabSelectsection" name="search1" time="0.0">
    <skipped/>
  </testcase> <!-- search1 -->
  <testcase classname="testCases.TC_01_CabSelectsection" name="suvSelect1" time="0.0">
    <skipped/>
  </testcase> <!-- suvSelect1 -->
  <testcase classname="testCases.TC_01_CabSelectsection" name="carDetails" time="0.0">
    <skipped/>
  </testcase> <!-- carDetails -->
  <testcase classname="testCases.TC_01_CabSelectsection" name="carP1" time="0.0">
    <skipped/>
  </testcase> <!-- carP1 -->
  <testcase classname="testCases.TC_02_Giftsection" name="moreClick" time="0.0">
    <skipped/>
  </testcase> <!-- moreClick -->
  <testcase classname="testCases.TC_02_Giftsection" name="giftSelect" time="0.0">
    <skipped/>
  </testcase> <!-- giftSelect -->
  <testcase classname="testCases.TC_02_Giftsection" name="deatils" time="0.0">
    <skipped/>
  </testcase> <!-- deatils -->
  <testcase classname="testCases.TC_02_Giftsection" name="Buynow" time="0.0">
    <skipped/>
  </testcase> <!-- Buynow -->
  <testcase classname="testCases.TC_02_Giftsection" name="msg" time="0.0">
    <skipped/>
  </testcase> <!-- msg -->
  <testcase classname="testCases.TC_03_Hotelbookingsection" name="hotel1" time="0.0">
    <skipped/>
  </testcase> <!-- hotel1 -->
  <testcase classname="testCases.TC_03_Hotelbookingsection" name="roomadultClick1" time="0.0">
    <skipped/>
  </testcase> <!-- roomadultClick1 -->
  <testcase classname="testCases.TC_03_Hotelbookingsection" name="adult1" time="0.0">
    <skipped/>
  </testcase> <!-- adult1 -->
  <testcase classname="testCases.TC_03_Hotelbookingsection" name="adultlist1" time="0.0">
    <skipped/>
  </testcase> <!-- adultlist1 -->
  <testcase classname="testBase.BaseClass" name="@AfterTest teardown" time="0.0">
    <ignored/>
  </testcase> <!-- @AfterTest teardown -->
  <testcase classname="testBase.BaseClass" name="@AfterTest teardown" time="0.0">
    <ignored/>
  </testcase> <!-- @AfterTest teardown -->
  <testcase classname="testBase.BaseClass" name="@BeforeTest setup" time="0.0">
    <ignored/>
  </testcase> <!-- @BeforeTest setup -->
  <testcase classname="testBase.BaseClass" name="@BeforeTest setup" time="0.0">
    <ignored/>
  </testcase> <!-- @BeforeTest setup -->
</testsuite> <!-- chrometest -->
